#
# There is insufficient memory for the Java Runtime Environment to continue.
# Native memory allocation (mmap) failed to map 257949696 bytes for G1 virtual space
# Possible reasons:
#   The system is out of physical RAM or swap space
#   The process is running with CompressedOops enabled, and the Java Heap may be blocking the growth of the native heap
# Possible solutions:
#   Reduce memory load on the system
#   Increase physical memory or swap space
#   Check if swap backing store is full
#   Decrease Java heap size (-Xmx/-Xms)
#   Decrease number of Java threads
#   Decrease Java thread stack sizes (-Xss)
#   Set larger code cache with -XX:ReservedCodeCacheSize=
#   JVM is running with Zero Based Compressed Oops mode in which the Java heap is
#     placed in the first 32GB address space. The Java Heap base address is the
#     maximum limit for the native heap growth. Please use -XX:HeapBaseMinAddress
#     to set the Java Heap base and to place the Java Heap above 32GB virtual address.
# This output file may be truncated or incomplete.
#
#  Out of Memory Error (os_windows.cpp:3532), pid=6996, tid=10512
#
# JRE version:  (17.0.2+8) (build )
# Java VM: Java HotSpot(TM) 64-Bit Server VM (17.0.2+8-LTS-86, mixed mode, sharing, tiered, compressed oops, compressed class ptrs, g1 gc, windows-amd64)
# No core dump will be written. Minidumps are not enabled by default on client versions of Windows
#

---------------  S U M M A R Y ------------

Command Line: -Dfile.encoding=UTF-8 -XX:+ShowCodeDetailsInExceptionMessages projecteEx.IniciVistaController

Host: AMD Ryzen 7 4800H with Radeon Graphics         , 16 cores, 15G,  Windows 11 , 64 bit Build 25290 (10.0.25290.1000)
Time: Fri Mar 10 18:01:56 2023 Hora estándar romance elapsed time: 2.025417 seconds (0d 0h 0m 2s)

---------------  T H R E A D  ---------------

Current thread (0x00000197d3b31f90):  JavaThread "Unknown thread" [_thread_in_vm, id=10512, stack(0x0000004d2a700000,0x0000004d2a800000)]

Stack: [0x0000004d2a700000,0x0000004d2a800000]
Native frames: (J=compiled Java code, j=interpreted, Vv=VM code, C=native code)
V  [jvm.dll+0x670baa]
V  [jvm.dll+0x7cfcb4]
V  [jvm.dll+0x7d145e]
V  [jvm.dll+0x7d1ac3]
V  [jvm.dll+0x242bc5]
V  [jvm.dll+0x66dac9]
V  [jvm.dll+0x662412]
V  [jvm.dll+0x300c0b]
V  [jvm.dll+0x3081a6]
V  [jvm.dll+0x357d0e]
V  [jvm.dll+0x357f3f]
V  [jvm.dll+0x2d7ec8]
V  [jvm.dll+0x2d8e34]
V  [jvm.dll+0x7a18c1]
V  [jvm.dll+0x365a91]
V  [jvm.dll+0x780d2c]
V  [jvm.dll+0x3e845f]
V  [jvm.dll+0x3e9f01]
C  [jli.dll+0x527b]
C  [ucrtbase.dll+0x2b11b]
C  [KERNEL32.DLL+0x1163d]
C  [ntdll.dll+0x4d878]


---------------  P R O C E S S  ---------------

Threads class SMR info:
_java_thread_list=0x00007ffb441b9858, length=0, elements={
}

Java Threads: ( => current thread )

Other Threads:
  0x00000197d3b7d730 GCTaskThread "GC Thread#0" [stack: 0x0000004d2a800000,0x0000004d2a900000] [id=18044]
  0x00000197d3b8ec50 ConcurrentGCThread "G1 Main Marker" [stack: 0x0000004d2a900000,0x0000004d2aa00000] [id=3112]
  0x00000197d3b91570 ConcurrentGCThread "G1 Conc#0" [stack: 0x0000004d2aa00000,0x0000004d2ab00000] [id=17548]

[error occurred during error reporting (printing all threads), id 0xc0000005, EXCEPTION_ACCESS_VIOLATION (0xc0000005) at pc=0x00007ffb43a088a7]

VM state: not at safepoint (not fully initialized)

VM Mutex/Monitor currently owned by a thread:  ([mutex/lock_event])
[0x00000197d3b2e520] Heap_lock - owner thread: 0x00000197d3b31f90

Heap address: 0x000000070a200000, size: 3934 MB, Compressed Oops mode: Zero based, Oop shift amount: 3

CDS archive(s) mapped at: [0x0000000000000000-0x0000000000000000-0x0000000000000000), size 0, SharedBaseAddress: 0x0000000800000000, ArchiveRelocationMode: 0.
Narrow klass base: 0x0000000000000000, Narrow klass shift: 0, Narrow klass range: 0x0

GC Precious Log:
<Empty>

Heap:
 garbage-first heap   total 0K, used 0K [0x000000070a200000, 0x0000000800000000)
  region size 2048K, 0 young (0K), 0 survivors (0K)

[error occurred during error reporting (printing heap information), id 0xc0000005, EXCEPTION_ACCESS_VIOLATION (0xc0000005) at pc=0x00007ffb43de9f19]

GC Heap History (0 events):
No events

Deoptimization events (0 events):
No events

Classes unloaded (0 events):
No events

Classes redefined (0 events):
No events

Internal exceptions (0 events):
No events

VM Operations (0 events):
No events

Events (1 events):
Event: 0.013 Loaded shared library C:\Program Files\Java\jdk-17.0.2\bin\java.dll


Dynamic libraries:
0x00007ff7d3ce0000 - 0x00007ff7d3cf0000 	C:\Program Files\Java\jdk-17.0.2\bin\javaw.exe
0x00007ffb8f0d0000 - 0x00007ffb8f2e5000 	C:\WINDOWS\SYSTEM32\ntdll.dll
0x00007ffb8de50000 - 0x00007ffb8df15000 	C:\WINDOWS\System32\KERNEL32.DLL
0x00007ffb8c630000 - 0x00007ffb8c9d7000 	C:\WINDOWS\System32\KERNELBASE.dll
0x00007ffb89810000 - 0x00007ffb898a7000 	C:\WINDOWS\SYSTEM32\apphelp.dll
0x00007ffb66cc0000 - 0x00007ffb66cd8000 	C:\Program Files\Java\jdk-17.0.2\bin\jli.dll
0x00007ffb66ce0000 - 0x00007ffb66cfa000 	C:\Program Files\Java\jdk-17.0.2\bin\VCRUNTIME140.dll
0x00007ffb8c510000 - 0x00007ffb8c625000 	C:\WINDOWS\System32\ucrtbase.dll
0x00007ffb8ee90000 - 0x00007ffb8ef41000 	C:\WINDOWS\System32\ADVAPI32.dll
0x00007ffb8d7d0000 - 0x00007ffb8d877000 	C:\WINDOWS\System32\msvcrt.dll
0x00007ffb8ce90000 - 0x00007ffb8cf36000 	C:\WINDOWS\System32\sechost.dll
0x00007ffb8ef60000 - 0x00007ffb8f089000 	C:\WINDOWS\System32\RPCRT4.dll
0x00007ffb8d360000 - 0x00007ffb8d510000 	C:\WINDOWS\System32\USER32.dll
0x00007ffb69920000 - 0x00007ffb69bb6000 	C:\WINDOWS\WinSxS\amd64_microsoft.windows.common-controls_6595b64144ccf1df_6.0.25290.1000_none_767a1b94446a709d\COMCTL32.dll
0x00007ffb8cc80000 - 0x00007ffb8cca6000 	C:\WINDOWS\System32\win32u.dll
0x00007ffb8e4b0000 - 0x00007ffb8e4d9000 	C:\WINDOWS\System32\GDI32.dll
0x00007ffb8c9e0000 - 0x00007ffb8cafa000 	C:\WINDOWS\System32\gdi32full.dll
0x00007ffb8ccb0000 - 0x00007ffb8cd55000 	C:\WINDOWS\System32\msvcp_win.dll
0x00007ffb82d50000 - 0x00007ffb82d5a000 	C:\WINDOWS\SYSTEM32\VERSION.dll
0x00007ffb8ee50000 - 0x00007ffb8ee80000 	C:\WINDOWS\System32\IMM32.DLL
0x00007ffb73530000 - 0x00007ffb7353c000 	C:\Program Files\Java\jdk-17.0.2\bin\vcruntime140_1.dll
0x00007ffb55490000 - 0x00007ffb5551d000 	C:\Program Files\Java\jdk-17.0.2\bin\msvcp140.dll
0x00007ffb43720000 - 0x00007ffb442e1000 	C:\Program Files\Java\jdk-17.0.2\bin\server\jvm.dll
0x00007ffb8ef50000 - 0x00007ffb8ef58000 	C:\WINDOWS\System32\PSAPI.DLL
0x00007ffb60be0000 - 0x00007ffb60be9000 	C:\WINDOWS\SYSTEM32\WSOCK32.dll
0x00007ffb84e30000 - 0x00007ffb84e65000 	C:\WINDOWS\SYSTEM32\WINMM.dll
0x00007ffb8e080000 - 0x00007ffb8e0ef000 	C:\WINDOWS\System32\WS2_32.dll
0x00007ffb8b3b0000 - 0x00007ffb8b3c8000 	C:\WINDOWS\SYSTEM32\kernel.appcore.dll
0x00007ffb73160000 - 0x00007ffb7316a000 	C:\Program Files\Java\jdk-17.0.2\bin\jimage.dll
0x00007ffb6eb60000 - 0x00007ffb6ed95000 	C:\WINDOWS\SYSTEM32\DBGHELP.DLL
0x00007ffb8cfd0000 - 0x00007ffb8d354000 	C:\WINDOWS\System32\combase.dll
0x00007ffb8e570000 - 0x00007ffb8e648000 	C:\WINDOWS\System32\OLEAUT32.dll
0x00007ffb789c0000 - 0x00007ffb789f2000 	C:\WINDOWS\SYSTEM32\dbgcore.DLL
0x00007ffb8cd60000 - 0x00007ffb8cde4000 	C:\WINDOWS\System32\bcryptPrimitives.dll
0x00007ffb62eb0000 - 0x00007ffb62ed5000 	C:\Program Files\Java\jdk-17.0.2\bin\java.dll

dbghelp: loaded successfully - version: 4.0.5 - missing functions: none
symbol engine: initialized successfully - sym options: 0x614 - pdb path: .;C:\Program Files\Java\jdk-17.0.2\bin;C:\WINDOWS\SYSTEM32;C:\WINDOWS\WinSxS\amd64_microsoft.windows.common-controls_6595b64144ccf1df_6.0.25290.1000_none_767a1b94446a709d;C:\Program Files\Java\jdk-17.0.2\bin\server

VM Arguments:
jvm_args: -Dfile.encoding=UTF-8 -XX:+ShowCodeDetailsInExceptionMessages 
java_command: projecteEx.IniciVistaController
java_class_path (initial): C:\Users\sergi\eclipse-workspace\m3programacionbasicauf4-main.zip_expanded\m3programacionbasicauf4-main\bin
Launcher Type: SUN_STANDARD

[Global flags]
     intx CICompilerCount                          = 12                                        {product} {ergonomic}
     uint ConcGCThreads                            = 3                                         {product} {ergonomic}
     uint G1ConcRefinementThreads                  = 13                                        {product} {ergonomic}
   size_t G1HeapRegionSize                         = 2097152                                   {product} {ergonomic}
    uintx GCDrainStackTargetSize                   = 64                                        {product} {ergonomic}
   size_t InitialHeapSize                          = 257949696                                 {product} {ergonomic}
   size_t MarkStackSize                            = 4194304                                   {product} {ergonomic}
   size_t MaxHeapSize                              = 4125097984                                {product} {ergonomic}
   size_t MinHeapDeltaBytes                        = 2097152                                   {product} {ergonomic}
   size_t MinHeapSize                              = 8388608                                   {product} {ergonomic}
    uintx NonNMethodCodeHeapSize                   = 7602480                                {pd product} {ergonomic}
    uintx NonProfiledCodeHeapSize                  = 122027880                              {pd product} {ergonomic}
    uintx ProfiledCodeHeapSize                     = 122027880                              {pd product} {ergonomic}
    uintx ReservedCodeCacheSize                    = 251658240                              {pd product} {ergonomic}
     bool SegmentedCodeCache                       = true                                      {product} {ergonomic}
     bool ShowCodeDetailsInExceptionMessages       = true                                   {manageable} {command line}
   size_t SoftMaxHeapSize                          = 4125097984                             {manageable} {ergonomic}
     bool UseCompressedClassPointers               = true                           {product lp64_product} {ergonomic}
     bool UseCompressedOops                        = true                           {product lp64_product} {ergonomic}
     bool UseG1GC                                  = true                                      {product} {ergonomic}
     bool UseLargePagesIndividualAllocation        = false                                  {pd product} {ergonomic}

Logging:
Log output configuration:
 #0: stdout all=warning uptime,level,tags
 #1: stderr all=off uptime,level,tags

Environment Variables:
PATH=C:\Python311\Scripts\;C:\Python311\;C:\Program Files\Common Files\Oracle\Java\javapath;C:\Program Files (x86)\Common Files\Oracle\Java\javapath;C:\WINDOWS\system32;C:\WINDOWS;C:\WINDOWS\System32\Wbem;C:\WINDOWS\System32\WindowsPowerShell\v1.0\;C:\WINDOWS\System32\OpenSSH\;C:\Program Files (x86)\dotnet\;C:\Program Files\Git\cmd;C:\Program Files\MongoDB\Server\5.0\bin;C:\Program Files\Docker\Docker\resources\bin;C:\ProgramData\DockerDesktop\version-bin;C:\xampp\php;C:\Program Files\composer;C:\Program Files\nodejs\;C:\ProgramData\chocolatey\bin;C:\Program Files\PowerShell\7\;C:\Users\sergi\AppData\Local\Microsoft\WindowsApps;C:\Users\sergi\AppData\Local\Programs\Microsoft VS Code\bin;C:\Users\sergi\AppData\Local\GitHubDesktop\bin;C:\Users\sergi\AppData\Roaming\npm;
USERNAME=sergi
OS=Windows_NT
PROCESSOR_IDENTIFIER=AMD64 Family 23 Model 96 Stepping 1, AuthenticAMD



---------------  S Y S T E M  ---------------

OS:
 Windows 11 , 64 bit Build 25290 (10.0.25290.1000)
OS uptime: 0 days 7:36 hours
Hyper-V role detected

CPU: total 16 (initial active 16) (16 cores per cpu, 2 threads per core) family 23 model 96 stepping 1 microcode 0x8600106, cx8, cmov, fxsr, ht, mmx, 3dnowpref, sse, sse2, sse3, ssse3, sse4a, sse4.1, sse4.2, popcnt, lzcnt, tsc, tscinvbit, avx, avx2, aes, clmul, bmi1, bmi2, adx, sha, fma, vzeroupper, clflush, clflushopt, hv

Memory: 4k page, system-wide physical 15731M (8809M free)
TotalPageFile size 15731M (AvailPageFile size 18M)
current process WorkingSet (physical memory assigned to process): 12M, peak: 12M
current process commit charge ("private bytes"): 70M, peak: 316M

vm_info: Java HotSpot(TM) 64-Bit Server VM (17.0.2+8-LTS-86) for windows-amd64 JRE (17.0.2+8-LTS-86), built on Dec  7 2021 21:51:03 by "mach5one" with MS VC++ 16.8 / 16.9 (VS2019)

END.
